# JRE version: OpenJDK Runtime Environment (21.0.8) (build 21.0.8+-14196175-b1038.72)
# Java VM: OpenJDK 64-Bit Server VM (21.0.8+-14196175-b1038.72, mixed mode, tiered, compressed oops, compressed class ptrs, g1 gc, windows-amd64)
GC Precious Log:
 CardTable entry size: 512
 Card Set container configuration: InlinePtr #cards 5 size 8 Array Of Cards #cards 12 size 40 Howl #buckets 4 coarsen threshold 1843 Howl Bitmap #cards 512 size 80 coarsen threshold 460 Card regions per heap region 1 cards per card region 2048
 CPUs: 12 total, 12 available
 Memory: 7514M
 Large Page Support: Disabled
 NUMA Support: Disabled
 Compressed Oops: Enabled (32-bit)
 Heap Region Size: 1M
 Heap Min Capacity: 8M
 Heap Initial Capacity: 118M
 Heap Max Capacity: 1880M
 Pre-touch: Disabled
 Parallel Workers: 10
 Concurrent Workers: 3
 Concurrent Refinement Workers: 10
 Periodic GC: Disabled
Heap:
 garbage-first heap   total 55296K, used 45534K [0x000000008a800000, 0x0000000100000000)
  region size 1024K, 23 young (23552K), 2 survivors (2048K)
 Metaspace       used 51427K, committed 51712K, reserved 1114112K
  class space    used 6060K, committed 6208K, reserved 1048576K
GC Heap History (20 events):
Event: 11.354 GC heap before
{Heap before GC invocations=1 (full 0):
 garbage-first heap   total 120832K, used 26597K [0x000000008a800000, 0x0000000100000000)
  region size 1024K, 25 young (25600K), 3 survivors (3072K)
 Metaspace       used 21265K, committed 21504K, reserved 1114112K
  class space    used 2236K, committed 2368K, reserved 1048576K
}
Event: 11.364 GC heap after
{Heap after GC invocations=2 (full 0):
 garbage-first heap   total 120832K, used 7531K [0x000000008a800000, 0x0000000100000000)
  region size 1024K, 2 young (2048K), 2 survivors (2048K)
 Metaspace       used 21265K, committed 21504K, reserved 1114112K
  class space    used 2236K, committed 2368K, reserved 1048576K
}
Event: 12.062 GC heap before
{Heap before GC invocations=3 (full 0):
 garbage-first heap   total 27648K, used 26987K [0x000000008a800000, 0x0000000100000000)
  region size 1024K, 21 young (21504K), 2 survivors (2048K)
 Metaspace       used 25454K, committed 25728K, reserved 1114112K
  class space    used 2761K, committed 2880K, reserved 1048576K
}
Event: 12.076 GC heap after
{Heap after GC invocations=4 (full 0):
 garbage-first heap   total 33792K, used 11497K [0x000000008a800000, 0x0000000100000000)
  region size 1024K, 6 young (6144K), 6 survivors (6144K)
 Metaspace       used 25454K, committed 25728K, reserved 1114112K
  class space    used 2761K, committed 2880K, reserved 1048576K
}
Event: 12.357 GC heap before
{Heap before GC invocations=4 (full 0):
 garbage-first heap   total 33792K, used 23785K [0x000000008a800000, 0x0000000100000000)
  region size 1024K, 18 young (18432K), 6 survivors (6144K)
 Metaspace       used 26292K, committed 26560K, reserved 1114112K
  class space    used 2890K, committed 3008K, reserved 1048576K
}
Event: 12.376 GC heap after
{Heap after GC invocations=5 (full 0):
 garbage-first heap   total 34816K, used 16327K [0x000000008a800000, 0x0000000100000000)
  region size 1024K, 3 young (3072K), 3 survivors (3072K)
 Metaspace       used 26292K, committed 26560K, reserved 1114112K
  class space    used 2890K, committed 3008K, reserved 1048576K
}
Event: 12.782 GC heap before
{Heap before GC invocations=5 (full 0):
 garbage-first heap   total 34816K, used 25543K [0x000000008a800000, 0x0000000100000000)
  region size 1024K, 12 young (12288K), 3 survivors (3072K)
 Metaspace       used 28872K, committed 29120K, reserved 1114112K
  class space    used 3160K, committed 3264K, reserved 1048576K
}
Event: 12.790 GC heap after
{Heap after GC invocations=6 (full 0):
 garbage-first heap   total 34816K, used 17839K [0x000000008a800000, 0x0000000100000000)
  region size 1024K, 1 young (1024K), 1 survivors (1024K)
 Metaspace       used 28872K, committed 29120K, reserved 1114112K
  class space    used 3160K, committed 3264K, reserved 1048576K
}
Event: 13.159 GC heap before
{Heap before GC invocations=6 (full 0):
 garbage-first heap   total 34816K, used 27055K [0x000000008a800000, 0x0000000100000000)
  region size 1024K, 10 young (10240K), 1 survivors (1024K)
 Metaspace       used 32222K, committed 32448K, reserved 1114112K
  class space    used 3909K, committed 4032K, reserved 1048576K
}
Event: 13.165 GC heap after
{Heap after GC invocations=7 (full 0):
 garbage-first heap   total 34816K, used 18144K [0x000000008a800000, 0x0000000100000000)
  region size 1024K, 2 young (2048K), 2 survivors (2048K)
 Metaspace       used 32222K, committed 32448K, reserved 1114112K
  class space    used 3909K, committed 4032K, reserved 1048576K
}
Event: 13.530 GC heap before
{Heap before GC invocations=8 (full 0):
 garbage-first heap   total 34816K, used 26336K [0x000000008a800000, 0x0000000100000000)
  region size 1024K, 11 young (11264K), 2 survivors (2048K)
 Metaspace       used 34238K, committed 34432K, reserved 1114112K
  class space    used 4257K, committed 4352K, reserved 1048576K
}
Event: 13.537 GC heap after
{Heap after GC invocations=9 (full 0):
 garbage-first heap   total 46080K, used 19555K [0x000000008a800000, 0x0000000100000000)
  region size 1024K, 2 young (2048K), 2 survivors (2048K)
 Metaspace       used 34238K, committed 34432K, reserved 1114112K
  class space    used 4257K, committed 4352K, reserved 1048576K
}
Event: 13.988 GC heap before
{Heap before GC invocations=9 (full 0):
 garbage-first heap   total 46080K, used 35939K [0x000000008a800000, 0x0000000100000000)
  region size 1024K, 19 young (19456K), 2 survivors (2048K)
 Metaspace       used 38022K, committed 38272K, reserved 1114112K
  class space    used 4662K, committed 4800K, reserved 1048576K
}
Event: 13.998 GC heap after
{Heap after GC invocations=10 (full 0):
 garbage-first heap   total 46080K, used 19867K [0x000000008a800000, 0x0000000100000000)
  region size 1024K, 2 young (2048K), 2 survivors (2048K)
 Metaspace       used 38022K, committed 38272K, reserved 1114112K
  class space    used 4662K, committed 4800K, reserved 1048576K
}
Event: 14.802 GC heap before
{Heap before GC invocations=10 (full 0):
 garbage-first heap   total 46080K, used 37275K [0x000000008a800000, 0x0000000100000000)
  region size 1024K, 20 young (20480K), 2 survivors (2048K)
 Metaspace       used 43461K, committed 43712K, reserved 1114112K
  class space    used 5205K, committed 5312K, reserved 1048576K
}
Event: 14.811 GC heap after
{Heap after GC invocations=11 (full 0):
 garbage-first heap   total 46080K, used 20646K [0x000000008a800000, 0x0000000100000000)
  region size 1024K, 2 young (2048K), 2 survivors (2048K)
 Metaspace       used 43461K, committed 43712K, reserved 1114112K
  class space    used 5205K, committed 5312K, reserved 1048576K
}
Event: 15.489 GC heap before
{Heap before GC invocations=11 (full 0):
 garbage-first heap   total 46080K, used 39078K [0x000000008a800000, 0x0000000100000000)
  region size 1024K, 20 young (20480K), 2 survivors (2048K)
 Metaspace       used 46417K, committed 46656K, reserved 1114112K
  class space    used 5559K, committed 5632K, reserved 1048576K
}
Event: 15.500 GC heap after
{Heap after GC invocations=12 (full 0):
 garbage-first heap   total 46080K, used 23149K [0x000000008a800000, 0x0000000100000000)
  region size 1024K, 3 young (3072K), 3 survivors (3072K)
 Metaspace       used 46417K, committed 46656K, reserved 1114112K
  class space    used 5559K, committed 5632K, reserved 1048576K
}
Event: 16.065 GC heap before
{Heap before GC invocations=12 (full 0):
 garbage-first heap   total 46080K, used 39533K [0x000000008a800000, 0x0000000100000000)
  region size 1024K, 19 young (19456K), 3 survivors (3072K)
 Metaspace       used 49883K, committed 50048K, reserved 1114112K
  class space    used 5888K, committed 5952K, reserved 1048576K
}
Event: 16.076 GC heap after
{Heap after GC invocations=13 (full 0):
 garbage-first heap   total 55296K, used 25054K [0x000000008a800000, 0x0000000100000000)
  region size 1024K, 2 young (2048K), 2 survivors (2048K)
 Metaspace       used 49883K, committed 50048K, reserved 1114112K
  class space    used 5888K, committed 5952K, reserved 1048576K
}

